-------------------------------------------------------------------------------
Test set: timhortons.runners.calorieMatchTest
-------------------------------------------------------------------------------
Tests run: 1, Failures: 1, Errors: 0, Skipped: 0, Time elapsed: 36.434 sec <<< FAILURE! - in timhortons.runners.calorieMatchTest
Calorie check of a particular item by choosing particular store for pick up and then the item from their takeout menu(Calorie check from Tim Hortons menu)  Time elapsed: 34.193 sec  <<< FAILURE!
org.junit.ComparisonFailure: Calorie matches expected:<2[0]7 Cals> but was:<2[9]7 Cals>

